0 info it worked if it ends with ok
1 verbose cli [ '/usr/local/Cellar/node/6.2.2/bin/node',
1 verbose cli   '/usr/local/bin/npm',
1 verbose cli   'publish' ]
2 info using npm@3.9.5
3 info using node@v6.2.2
4 verbose publish [ '.' ]
5 silly cache add args [ '.', null ]
6 verbose cache add spec .
7 silly cache add parsed spec Result {
7 silly cache add   raw: '.',
7 silly cache add   scope: null,
7 silly cache add   name: null,
7 silly cache add   rawSpec: '.',
7 silly cache add   spec: '/Users/kyagi/Project/hubot-tumblrbot-bysetting',
7 silly cache add   type: 'directory' }
8 verbose addLocalDirectory /Users/kyagi/.npm/hubot-tumblrbot-bysetting/0.0.1/package.tgz not in flight; packing
9 verbose correctMkdir /Users/kyagi/.npm correctMkdir not in flight; initializing
10 info lifecycle hubot-tumblrbot-bysetting@0.0.1~prepublish: hubot-tumblrbot-bysetting@0.0.1
11 silly lifecycle hubot-tumblrbot-bysetting@0.0.1~prepublish: no script for prepublish, continuing
12 verbose tar pack [ '/Users/kyagi/.npm/hubot-tumblrbot-bysetting/0.0.1/package.tgz',
12 verbose tar pack   '/Users/kyagi/Project/hubot-tumblrbot-bysetting' ]
13 verbose tarball /Users/kyagi/.npm/hubot-tumblrbot-bysetting/0.0.1/package.tgz
14 verbose folder /Users/kyagi/Project/hubot-tumblrbot-bysetting
15 verbose addLocalTarball adding from inside cache /Users/kyagi/.npm/hubot-tumblrbot-bysetting/0.0.1/package.tgz
16 verbose correctMkdir /Users/kyagi/.npm correctMkdir not in flight; initializing
17 silly cache afterAdd hubot-tumblrbot-bysetting@0.0.1
18 verbose afterAdd /Users/kyagi/.npm/hubot-tumblrbot-bysetting/0.0.1/package/package.json not in flight; writing
19 verbose correctMkdir /Users/kyagi/.npm correctMkdir not in flight; initializing
20 verbose afterAdd /Users/kyagi/.npm/hubot-tumblrbot-bysetting/0.0.1/package/package.json written
21 silly publish { name: 'hubot-tumblrbot-bysetting',
21 silly publish   version: '0.0.1',
21 silly publish   description: 'hubot tumblrbot by setting ',
21 silly publish   main: 'index.coffee',
21 silly publish   scripts: { test: 'echo "Error: no test specified" && exit 1' },
21 silly publish   repository:
21 silly publish    { type: 'git',
21 silly publish      url: 'git+ssh://git@github.com/connvoi/hubot-tumblrbot-bysetting.git' },
21 silly publish   keywords: [ 'hubot', 'tumblr', 'hubot-scripts' ],
21 silly publish   dependencies: { tumblrbot: '^0.1.0' },
21 silly publish   bugs: { url: 'https://github.com/connvoi/hubot-tumblrbot-bysetting' },
21 silly publish   homepage: 'https://github.com/naoya/hubot-sushiyuki',
21 silly publish   author: { name: 'connvoi' },
21 silly publish   license: 'MIT',
21 silly publish   readme: 'hubot-tumblrbot-bysetting\n================\n\nDescription\n-----------\n\nYou can get from tumblr image without coding scirpts.\n\n\n## Installation\n\nAdd `hubot-sushiyuki` to your package.json, run `npm install` and add hubot-sushiyuki to `external-scripts.json`.\n\nAdd `hubot-tumblrbot-bysetting` to your `package.json` dependencies.\n\n```\n"dependencies": {\n  "hubot-tumblrbot-bysetting": "0.0.1"\n}\n```\n\nAdd `hubot-tumblrbot-bysetting` to `external-scripts.json`.\n\n```\n [\n  "hubot-tumblrbot-bysetting"\n ]\n```\n\n### Config\n\nYou can set some tumblr and some keyword.\n\n\n```\nHUBOT_TUMBLR_SOURCES=\'{ "aaa.tumblr.com": "xxx", "bbb.tumblr.com": "yyy", "ccc.tumblr.com": "zzz" }\n```\n\nIf you set above, Hubot replys\n\n- "xxx"  Returns a image from aaa.tumblr.com\n- "yyy"  Returns a image from bbb.tumblr.com\n- "zzz"  Returns a image from ccc.tumblr.com\n',
21 silly publish   readmeFilename: 'README.md',
21 silly publish   gitHead: '09c4951f6d050880791dfb6e4e3e95aaeb86bd8e',
21 silly publish   _id: 'hubot-tumblrbot-bysetting@0.0.1',
21 silly publish   _shasum: 'ac2b4e8d48d632ffe273ebc56bfff82833186e5b',
21 silly publish   _from: '.' }
22 verbose getPublishConfig undefined
23 silly mapToRegistry name hubot-tumblrbot-bysetting
24 silly mapToRegistry using default registry
25 silly mapToRegistry registry https://registry.npmjs.org/
26 silly mapToRegistry data Result {
26 silly mapToRegistry   raw: 'hubot-tumblrbot-bysetting',
26 silly mapToRegistry   scope: null,
26 silly mapToRegistry   name: 'hubot-tumblrbot-bysetting',
26 silly mapToRegistry   rawSpec: '',
26 silly mapToRegistry   spec: 'latest',
26 silly mapToRegistry   type: 'tag' }
27 silly mapToRegistry uri https://registry.npmjs.org/hubot-tumblrbot-bysetting
28 verbose publish registryBase https://registry.npmjs.org/
29 silly publish uploading /Users/kyagi/.npm/hubot-tumblrbot-bysetting/0.0.1/package.tgz
30 verbose request uri https://registry.npmjs.org/hubot-tumblrbot-bysetting
31 verbose request sending authorization for write operation
32 info attempt registry request try #1 at 03:31:15
33 verbose request using bearer token for auth
34 verbose request id 11f2b055e3d227f1
35 http request PUT https://registry.npmjs.org/hubot-tumblrbot-bysetting
36 http 403 https://registry.npmjs.org/hubot-tumblrbot-bysetting
37 verbose headers { 'content-type': 'application/json',
37 verbose headers   'cache-control': 'max-age=300',
37 verbose headers   'content-length': '95',
37 verbose headers   'accept-ranges': 'bytes',
37 verbose headers   date: 'Fri, 22 Jul 2016 18:31:16 GMT',
37 verbose headers   via: '1.1 varnish',
37 verbose headers   connection: 'keep-alive',
37 verbose headers   'x-served-by': 'cache-nrt6120-NRT',
37 verbose headers   'x-cache': 'MISS',
37 verbose headers   'x-cache-hits': '0',
37 verbose headers   'x-timer': 'S1469212275.913252,VS0,VE491',
37 verbose headers   vary: 'Accept-Encoding' }
38 verbose request invalidating /Users/kyagi/.npm/registry.npmjs.org/hubot-tumblrbot-bysetting on PUT
39 error publish Failed PUT 403
40 verbose stack Error: "You cannot publish over the previously published version 0.0.1." : hubot-tumblrbot-bysetting
40 verbose stack     at makeError (/usr/local/lib/node_modules/npm/node_modules/npm-registry-client/lib/request.js:264:12)
40 verbose stack     at CachingRegistryClient.<anonymous> (/usr/local/lib/node_modules/npm/node_modules/npm-registry-client/lib/request.js:252:14)
40 verbose stack     at Request._callback (/usr/local/lib/node_modules/npm/node_modules/npm-registry-client/lib/request.js:172:14)
40 verbose stack     at Request.self.callback (/usr/local/lib/node_modules/npm/node_modules/request/request.js:200:22)
40 verbose stack     at emitTwo (events.js:106:13)
40 verbose stack     at Request.emit (events.js:191:7)
40 verbose stack     at Request.<anonymous> (/usr/local/lib/node_modules/npm/node_modules/request/request.js:1067:10)
40 verbose stack     at emitOne (events.js:101:20)
40 verbose stack     at Request.emit (events.js:188:7)
40 verbose stack     at IncomingMessage.<anonymous> (/usr/local/lib/node_modules/npm/node_modules/request/request.js:988:12)
41 verbose statusCode 403
42 verbose pkgid hubot-tumblrbot-bysetting
43 verbose cwd /Users/kyagi/Project/hubot-tumblrbot-bysetting
44 error Darwin 15.5.0
45 error argv "/usr/local/Cellar/node/6.2.2/bin/node" "/usr/local/bin/npm" "publish"
46 error node v6.2.2
47 error npm  v3.9.5
48 error code E403
49 error "You cannot publish over the previously published version 0.0.1." : hubot-tumblrbot-bysetting
50 error If you need help, you may report this error at:
50 error     <https://github.com/npm/npm/issues>
51 verbose exit [ 1, true ]
